<?xml version="1.0" encoding="UTF-8"?>
<testng-results skipped="0" failed="0" total="1" passed="1">
  <reporter-output>
  </reporter-output>
  <suite name="Test.TestRunner" duration-ms="85409" started-at="2020-07-17T18:04:05Z" finished-at="2020-07-17T18:05:30Z">
    <groups>
      <group name="cucumber">
        <method signature="TestRunner.feature(cucumber.api.testng.CucumberFeatureWrapper)[pri:0, instance:Test.TestRunner@7ca48474]" name="feature" class="Test.TestRunner"/>
      </group> <!-- cucumber -->
    </groups>
    <test name="Command line test" duration-ms="85409" started-at="2020-07-17T18:04:05Z" finished-at="2020-07-17T18:05:30Z">
      <class name="Test.TestRunner">
        <test-method status="PASS" signature="openBrowser()[pri:0, instance:Test.TestRunner@7ca48474]" name="openBrowser" is-config="true" duration-ms="13113" started-at="2020-07-17T23:33:52Z" finished-at="2020-07-17T23:34:05Z">
          <reporter-output>
          </reporter-output>
        </test-method> <!-- openBrowser -->
        <test-method status="PASS" signature="setUpClass()[pri:0, instance:Test.TestRunner@7ca48474]" name="setUpClass" is-config="true" duration-ms="836" started-at="2020-07-17T23:34:05Z" finished-at="2020-07-17T23:34:06Z">
          <reporter-output>
          </reporter-output>
        </test-method> <!-- setUpClass -->
        <test-method status="PASS" signature="feature(cucumber.api.testng.CucumberFeatureWrapper)[pri:0, instance:Test.TestRunner@7ca48474]" name="feature" duration-ms="83813" started-at="2020-07-17T23:34:06Z" description="Runs Cucumber Feature" data-provider="features" finished-at="2020-07-17T23:35:30Z">
          <params>
            <param index="0">
              <value>
                <![CDATA[I want automate elsc 019 test case]]>
              </value>
            </param>
          </params>
          <reporter-output>
          </reporter-output>
        </test-method> <!-- feature -->
        <test-method status="PASS" signature="tearDownClass()[pri:0, instance:Test.TestRunner@7ca48474]" name="tearDownClass" is-config="true" duration-ms="600" started-at="2020-07-17T23:35:30Z" finished-at="2020-07-17T23:35:30Z">
          <reporter-output>
          </reporter-output>
        </test-method> <!-- tearDownClass -->
      </class> <!-- Test.TestRunner -->
    </test> <!-- Command line test -->
  </suite> <!-- Test.TestRunner -->
</testng-results>
